Started GET "/" for ::1 at 2019-06-24 19:25:38 -0600
Processing by Rails::WelcomeController#index as HTML
  Rendering /Users/paul/.rbenv/versions/2.4.1/lib/ruby/gems/2.4.0/gems/railties-5.1.7/lib/rails/templates/rails/welcome/index.html.erb
  Rendered /Users/paul/.rbenv/versions/2.4.1/lib/ruby/gems/2.4.0/gems/railties-5.1.7/lib/rails/templates/rails/welcome/index.html.erb (3.3ms)
Completed 200 OK in 286ms (Views: 11.2ms)


  [1m[35m (189.6ms)[0m  [1m[35mDROP DATABASE IF EXISTS "mini_shop_development"[0m
  [1m[35m (194.5ms)[0m  [1m[35mDROP DATABASE IF EXISTS "mini_shop_test"[0m
  [1m[35m (324.7ms)[0m  [1m[35mCREATE DATABASE "mini_shop_development" ENCODING = 'unicode'[0m
  [1m[35m (407.4ms)[0m  [1m[35mCREATE DATABASE "mini_shop_test" ENCODING = 'unicode'[0m
  [1m[35m (5.5ms)[0m  [1m[35mCREATE TABLE "schema_migrations" ("version" character varying NOT NULL PRIMARY KEY)[0m
  [1m[35m (45.7ms)[0m  [1m[35mCREATE TABLE "ar_internal_metadata" ("key" character varying NOT NULL PRIMARY KEY, "value" character varying, "created_at" timestamp NOT NULL, "updated_at" timestamp NOT NULL)[0m
  [1m[35m (0.8ms)[0m  [1m[34mSELECT pg_try_advisory_lock(7164030878767779660)[0m
  [1m[35m (0.5ms)[0m  [1m[34mSELECT "schema_migrations"."version" FROM "schema_migrations" ORDER BY "schema_migrations"."version" ASC[0m
Migrating to CreateMerchants (20190625015428)
  [1m[35m (0.3ms)[0m  [1m[35mBEGIN[0m
  [1m[35m (45.1ms)[0m  [1m[35mCREATE TABLE "merchants" ("id" bigserial primary key, "name" character varying, "address" character varying, "city" character varying, "state" character varying, "zip" integer)[0m
  [1m[35mSQL (0.5ms)[0m  [1m[32mINSERT INTO "schema_migrations" ("version") VALUES ($1) RETURNING "version"[0m  [["version", "20190625015428"]]
  [1m[35m (0.6ms)[0m  [1m[35mCOMMIT[0m
  [1m[36mActiveRecord::InternalMetadata Load (0.3ms)[0m  [1m[34mSELECT  "ar_internal_metadata".* FROM "ar_internal_metadata" WHERE "ar_internal_metadata"."key" = $1 LIMIT $2[0m  [["key", "environment"], ["LIMIT", 1]]
  [1m[35m (0.2ms)[0m  [1m[35mBEGIN[0m
  [1m[35mSQL (0.5ms)[0m  [1m[32mINSERT INTO "ar_internal_metadata" ("key", "value", "created_at", "updated_at") VALUES ($1, $2, $3, $4) RETURNING "key"[0m  [["key", "environment"], ["value", "development"], ["created_at", "2019-06-25 01:55:07.073592"], ["updated_at", "2019-06-25 01:55:07.073592"]]
  [1m[35m (0.6ms)[0m  [1m[35mCOMMIT[0m
  [1m[35m (0.6ms)[0m  [1m[34mSELECT pg_advisory_unlock(7164030878767779660)[0m
  [1m[35m (0.5ms)[0m  [1m[34mSELECT "schema_migrations"."version" FROM "schema_migrations" ORDER BY "schema_migrations"."version" ASC[0m
  [1m[35m (0.8ms)[0m  [1m[34mSELECT "schema_migrations"."version" FROM "schema_migrations" ORDER BY "schema_migrations"."version" ASC[0m
  [1m[35m (0.4ms)[0m  [1m[34mSELECT "ar_internal_metadata"."value" FROM "ar_internal_metadata" WHERE "ar_internal_metadata"."key" = $1[0m  [["key", "environment"]]
  [1m[35m (0.2ms)[0m  [1m[34mSELECT "schema_migrations"."version" FROM "schema_migrations" ORDER BY "schema_migrations"."version" ASC[0m
  [1m[35m (0.2ms)[0m  [1m[34mSELECT "ar_internal_metadata"."value" FROM "ar_internal_metadata" WHERE "ar_internal_metadata"."key" = $1[0m  [["key", "environment"]]
  [1m[35m (0.2ms)[0m  [1m[34mSELECT "schema_migrations"."version" FROM "schema_migrations" ORDER BY "schema_migrations"."version" ASC[0m
  [1m[35m (0.2ms)[0m  [1m[34mSELECT "ar_internal_metadata"."value" FROM "ar_internal_metadata" WHERE "ar_internal_metadata"."key" = $1[0m  [["key", "environment"]]
  [1m[35m (209.0ms)[0m  [1m[35mDROP DATABASE IF EXISTS "mini_shop_development"[0m
  [1m[35m (188.2ms)[0m  [1m[35mDROP DATABASE IF EXISTS "mini_shop_test"[0m
  [1m[35m (544.1ms)[0m  [1m[35mCREATE DATABASE "mini_shop_development" ENCODING = 'unicode'[0m
  [1m[35m (348.0ms)[0m  [1m[35mCREATE DATABASE "mini_shop_test" ENCODING = 'unicode'[0m
  [1m[35m (6.9ms)[0m  [1m[35mCREATE TABLE "schema_migrations" ("version" character varying NOT NULL PRIMARY KEY)[0m
  [1m[35m (2.8ms)[0m  [1m[35mCREATE TABLE "ar_internal_metadata" ("key" character varying NOT NULL PRIMARY KEY, "value" character varying, "created_at" timestamp NOT NULL, "updated_at" timestamp NOT NULL)[0m
  [1m[35m (0.3ms)[0m  [1m[34mSELECT pg_try_advisory_lock(7164030878767779660)[0m
  [1m[35m (0.7ms)[0m  [1m[34mSELECT "schema_migrations"."version" FROM "schema_migrations" ORDER BY "schema_migrations"."version" ASC[0m
Migrating to CreateMerchants (20190625015428)
  [1m[35m (0.2ms)[0m  [1m[35mBEGIN[0m
  [1m[35m (45.0ms)[0m  [1m[35mCREATE TABLE "merchants" ("id" bigserial primary key, "name" character varying, "address" character varying, "city" character varying, "state" character varying, "zip" integer)[0m
  [1m[35mSQL (0.5ms)[0m  [1m[32mINSERT INTO "schema_migrations" ("version") VALUES ($1) RETURNING "version"[0m  [["version", "20190625015428"]]
  [1m[35m (0.5ms)[0m  [1m[35mCOMMIT[0m
  [1m[36mActiveRecord::InternalMetadata Load (0.3ms)[0m  [1m[34mSELECT  "ar_internal_metadata".* FROM "ar_internal_metadata" WHERE "ar_internal_metadata"."key" = $1 LIMIT $2[0m  [["key", "environment"], ["LIMIT", 1]]
  [1m[35m (0.2ms)[0m  [1m[35mBEGIN[0m
  [1m[35mSQL (0.4ms)[0m  [1m[32mINSERT INTO "ar_internal_metadata" ("key", "value", "created_at", "updated_at") VALUES ($1, $2, $3, $4) RETURNING "key"[0m  [["key", "environment"], ["value", "development"], ["created_at", "2019-06-26 16:38:42.989421"], ["updated_at", "2019-06-26 16:38:42.989421"]]
  [1m[35m (0.5ms)[0m  [1m[35mCOMMIT[0m
  [1m[35m (0.3ms)[0m  [1m[34mSELECT pg_advisory_unlock(7164030878767779660)[0m
  [1m[35m (0.3ms)[0m  [1m[34mSELECT "schema_migrations"."version" FROM "schema_migrations" ORDER BY "schema_migrations"."version" ASC[0m
  [1m[35m (0.2ms)[0m  [1m[34mSELECT "schema_migrations"."version" FROM "schema_migrations" ORDER BY "schema_migrations"."version" ASC[0m
  [1m[35m (0.2ms)[0m  [1m[35mBEGIN[0m
  [1m[35mSQL (0.6ms)[0m  [1m[32mINSERT INTO "merchants" ("name", "address", "city", "state", "zip") VALUES ($1, $2, $3, $4, $5) RETURNING "id"[0m  [["name", "Billy"], ["address", "123 Ya moms house Circle"], ["city", "Chicago"], ["state", "Illinois"], ["zip", 78047]]
  [1m[35m (40.1ms)[0m  [1m[35mCOMMIT[0m
  [1m[35m (0.2ms)[0m  [1m[35mBEGIN[0m
  [1m[35mSQL (0.3ms)[0m  [1m[32mINSERT INTO "merchants" ("name", "address", "city", "state", "zip") VALUES ($1, $2, $3, $4, $5) RETURNING "id"[0m  [["name", "Mr. Guy"], ["address", "1 big ole' Drive"], ["city", "Honolulu"], ["state", "Hawaii"], ["zip", 11111]]
  [1m[35m (2.6ms)[0m  [1m[35mCOMMIT[0m
  [1m[35m (0.4ms)[0m  [1m[35mBEGIN[0m
  [1m[35mSQL (0.3ms)[0m  [1m[32mINSERT INTO "merchants" ("name", "address", "city", "state", "zip") VALUES ($1, $2, $3, $4, $5) RETURNING "id"[0m  [["name", "Penny Pinchin' Paul"], ["address", "345 10th St"], ["city", "Denver"], ["state", "Colorado"], ["zip", 80204]]
  [1m[35m (0.5ms)[0m  [1m[35mCOMMIT[0m
  [1m[35m (0.2ms)[0m  [1m[35mBEGIN[0m
  [1m[35mSQL (0.3ms)[0m  [1m[32mINSERT INTO "merchants" ("name", "address", "city", "state", "zip") VALUES ($1, $2, $3, $4, $5) RETURNING "id"[0m  [["name", "Money Mike"], ["address", "$$ Money Drive"], ["city", "Cashville"], ["state", "New York"], ["zip", 90876]]
  [1m[35m (0.5ms)[0m  [1m[35mCOMMIT[0m
Started GET "/" for ::1 at 2019-06-26 10:38:56 -0600
  [1m[35m (0.5ms)[0m  [1m[34mSELECT "schema_migrations"."version" FROM "schema_migrations" ORDER BY "schema_migrations"."version" ASC[0m
Processing by Rails::WelcomeController#index as HTML
  Rendering /Users/paul/.rbenv/versions/2.4.1/lib/ruby/gems/2.4.0/gems/railties-5.1.7/lib/rails/templates/rails/welcome/index.html.erb
  Rendered /Users/paul/.rbenv/versions/2.4.1/lib/ruby/gems/2.4.0/gems/railties-5.1.7/lib/rails/templates/rails/welcome/index.html.erb (3.5ms)
Completed 200 OK in 12ms (Views: 8.1ms | ActiveRecord: 0.0ms)


Started GET "/merchants" for ::1 at 2019-06-26 10:39:01 -0600
Processing by MerchantsController#index as HTML
  Rendering merchants/index.html.erb within layouts/application
  [1m[36mMerchant Load (0.4ms)[0m  [1m[34mSELECT "merchants".* FROM "merchants"[0m
  Rendered merchants/index.html.erb within layouts/application (30.3ms)
Completed 200 OK in 255ms (Views: 238.7ms | ActiveRecord: 12.3ms)


Started GET "/merchants/new" for ::1 at 2019-06-26 10:39:05 -0600
Processing by MerchantsController#new as HTML
  Rendering merchants/new.html.erb within layouts/application
  Rendered merchants/new.html.erb within layouts/application (1.1ms)
Completed 200 OK in 15ms (Views: 12.5ms | ActiveRecord: 0.0ms)


Started POST "/merchants" for ::1 at 2019-06-26 10:39:09 -0600
Processing by MerchantsController#create as HTML
  Parameters: {"utf8"=>"✓", "authenticity_token"=>"nH5+oadSqOs6m0PNtvxgJlrWW41ACYjqa2YAx4ZynYBG1mdAa8Xpm044755awUWWbLJIds/eKzayGZ53aX+z+Q==", "name"=>"Paul Schlattmann", "address"=>"19350 Misty Morning Drive", "city"=>"Monument", "state"=>"CO", "zip"=>"80132", "commit"=>"Create Merchant"}
Unpermitted parameters: :utf8, :authenticity_token, :commit
  [1m[35m (0.1ms)[0m  [1m[35mBEGIN[0m
  [1m[35mSQL (0.5ms)[0m  [1m[32mINSERT INTO "merchants" ("name", "address", "city", "state", "zip") VALUES ($1, $2, $3, $4, $5) RETURNING "id"[0m  [["name", "Paul Schlattmann"], ["address", "19350 Misty Morning Drive"], ["city", "Monument"], ["state", "CO"], ["zip", 80132]]
  [1m[35m (0.6ms)[0m  [1m[35mCOMMIT[0m
Redirected to http://localhost:3000/merchants
Completed 302 Found in 5ms (ActiveRecord: 1.2ms)


Started GET "/merchants" for ::1 at 2019-06-26 10:39:09 -0600
Processing by MerchantsController#index as HTML
  Rendering merchants/index.html.erb within layouts/application
  [1m[36mMerchant Load (0.4ms)[0m  [1m[34mSELECT "merchants".* FROM "merchants"[0m
  Rendered merchants/index.html.erb within layouts/application (1.8ms)
Completed 200 OK in 14ms (Views: 11.8ms | ActiveRecord: 0.4ms)


Started GET "/merchants/new" for ::1 at 2019-06-26 10:40:01 -0600
Processing by MerchantsController#new as HTML
  Rendering merchants/new.html.erb within layouts/application
  Rendered merchants/new.html.erb within layouts/application (1.1ms)
Completed 200 OK in 16ms (Views: 13.1ms | ActiveRecord: 0.0ms)


Started POST "/merchants" for ::1 at 2019-06-26 10:40:09 -0600
Processing by MerchantsController#create as HTML
  Parameters: {"utf8"=>"✓", "authenticity_token"=>"uvxeq3UjHkFUFv/FB8ykP2IPj29dZhrvn7HN6B6VZ1xgVEdKubRfMSC1U5br8YGPVGuclNKxuTNGzlNY8ZhJJQ==", "name"=>"Peter", "address"=>"19350 Misty Morning Drive", "city"=>"Monument", "state"=>"CO", "zip"=>"80132", "commit"=>"Create Merchant"}
Unpermitted parameters: :utf8, :authenticity_token, :commit
  [1m[35m (0.2ms)[0m  [1m[35mBEGIN[0m
  [1m[35mSQL (0.3ms)[0m  [1m[32mINSERT INTO "merchants" ("name", "address", "city", "state", "zip") VALUES ($1, $2, $3, $4, $5) RETURNING "id"[0m  [["name", "Peter"], ["address", "19350 Misty Morning Drive"], ["city", "Monument"], ["state", "CO"], ["zip", 80132]]
  [1m[35m (40.5ms)[0m  [1m[35mCOMMIT[0m
Redirected to http://localhost:3000/merchants
Completed 302 Found in 44ms (ActiveRecord: 41.0ms)


Started GET "/merchants" for ::1 at 2019-06-26 10:40:09 -0600
Processing by MerchantsController#index as HTML
  Rendering merchants/index.html.erb within layouts/application
  [1m[36mMerchant Load (0.3ms)[0m  [1m[34mSELECT "merchants".* FROM "merchants"[0m
  Rendered merchants/index.html.erb within layouts/application (1.5ms)
Completed 200 OK in 13ms (Views: 11.1ms | ActiveRecord: 0.3ms)


Started GET "/" for ::1 at 2019-06-26 10:46:59 -0600
  [1m[35m (0.6ms)[0m  [1m[34mSELECT "schema_migrations"."version" FROM "schema_migrations" ORDER BY "schema_migrations"."version" ASC[0m
Processing by Rails::WelcomeController#index as HTML
  Rendering /Users/paul/.rbenv/versions/2.4.1/lib/ruby/gems/2.4.0/gems/railties-5.1.7/lib/rails/templates/rails/welcome/index.html.erb
  Rendered /Users/paul/.rbenv/versions/2.4.1/lib/ruby/gems/2.4.0/gems/railties-5.1.7/lib/rails/templates/rails/welcome/index.html.erb (2.5ms)
Completed 200 OK in 9ms (Views: 7.4ms | ActiveRecord: 0.0ms)


Started GET "/merchants" for ::1 at 2019-06-26 10:47:06 -0600
Processing by MerchantsController#index as HTML
  Rendering merchants/index.html.erb within layouts/application
  [1m[36mMerchant Load (0.9ms)[0m  [1m[34mSELECT "merchants".* FROM "merchants"[0m
  Rendered merchants/index.html.erb within layouts/application (32.5ms)
Completed 200 OK in 169ms (Views: 151.5ms | ActiveRecord: 12.5ms)


Started GET "/merchants/1" for ::1 at 2019-06-26 10:47:08 -0600
Processing by MerchantsController#show as HTML
  Parameters: {"id"=>"1"}
  [1m[36mMerchant Load (0.3ms)[0m  [1m[34mSELECT  "merchants".* FROM "merchants" WHERE "merchants"."id" = $1 LIMIT $2[0m  [["id", 1], ["LIMIT", 1]]
  Rendering merchants/show.html.erb within layouts/application
  Rendered merchants/show.html.erb within layouts/application (0.5ms)
Completed 200 OK in 17ms (Views: 12.0ms | ActiveRecord: 0.5ms)


Started DELETE "/merchants/1" for ::1 at 2019-06-26 10:47:11 -0600
Processing by MerchantsController#destroy as HTML
  Parameters: {"authenticity_token"=>"Foo6onKFIGtTX90VA4BF+UVQFP++k+myKGKQgNh8qk3MIiNDvhJhGyf8cUbvvWBJczQHBDFESm7xHQ4wN3GENA==", "id"=>"1"}
  [1m[36mMerchant Load (0.2ms)[0m  [1m[34mSELECT  "merchants".* FROM "merchants" WHERE "merchants"."id" = $1 LIMIT $2[0m  [["id", 1], ["LIMIT", 1]]
  [1m[35m (0.1ms)[0m  [1m[35mBEGIN[0m
  [1m[35mSQL (0.3ms)[0m  [1m[31mDELETE FROM "merchants" WHERE "merchants"."id" = $1[0m  [["id", 1]]
  [1m[35m (5.2ms)[0m  [1m[35mCOMMIT[0m
Redirected to http://localhost:3000/merchants
Completed 302 Found in 8ms (ActiveRecord: 5.8ms)


Started GET "/merchants" for ::1 at 2019-06-26 10:47:11 -0600
Processing by MerchantsController#index as HTML
  Rendering merchants/index.html.erb within layouts/application
  [1m[36mMerchant Load (0.4ms)[0m  [1m[34mSELECT "merchants".* FROM "merchants"[0m
  Rendered merchants/index.html.erb within layouts/application (2.2ms)
Completed 200 OK in 12ms (Views: 10.6ms | ActiveRecord: 0.4ms)


Started GET "/merchants/3" for ::1 at 2019-06-26 10:47:12 -0600
Processing by MerchantsController#show as HTML
  Parameters: {"id"=>"3"}
  [1m[36mMerchant Load (1.3ms)[0m  [1m[34mSELECT  "merchants".* FROM "merchants" WHERE "merchants"."id" = $1 LIMIT $2[0m  [["id", 3], ["LIMIT", 1]]
  Rendering merchants/show.html.erb within layouts/application
  Rendered merchants/show.html.erb within layouts/application (0.5ms)
Completed 200 OK in 16ms (Views: 10.3ms | ActiveRecord: 1.7ms)


Started GET "/merchants/3/edit" for ::1 at 2019-06-26 10:47:13 -0600
Processing by MerchantsController#edit as HTML
  Parameters: {"id"=>"3"}
  [1m[36mMerchant Load (0.2ms)[0m  [1m[34mSELECT  "merchants".* FROM "merchants" WHERE "merchants"."id" = $1 LIMIT $2[0m  [["id", 3], ["LIMIT", 1]]
  Rendering merchants/edit.html.erb within layouts/application
  Rendered merchants/edit.html.erb within layouts/application (1.3ms)
Completed 200 OK in 19ms (Views: 16.6ms | ActiveRecord: 0.2ms)


Started PATCH "/merchants/3" for ::1 at 2019-06-26 10:47:17 -0600
Processing by MerchantsController#update as HTML
  Parameters: {"utf8"=>"✓", "authenticity_token"=>"w9dNDy8uAsGCnUfCTGpfg4O2RHL6Xwmirj/jt+GrtYAZf1Tu47lDsfY+65GgV3oztdJXiXWIqn53QH0HDqab+Q==", "name"=>"Penny Pinchin' Paul", "address"=>"345 10th St", "city"=>"Denver", "state"=>"Colorado", "zip"=>"80214", "commit"=>"Update Merchant Info", "id"=>"3"}
  [1m[36mMerchant Load (0.3ms)[0m  [1m[34mSELECT  "merchants".* FROM "merchants" WHERE "merchants"."id" = $1 LIMIT $2[0m  [["id", 3], ["LIMIT", 1]]
Unpermitted parameters: :utf8, :_method, :authenticity_token, :commit, :id
  [1m[35m (0.7ms)[0m  [1m[35mBEGIN[0m
  [1m[35mSQL (0.5ms)[0m  [1m[33mUPDATE "merchants" SET "zip" = $1 WHERE "merchants"."id" = $2[0m  [["zip", 80214], ["id", 3]]
  [1m[35m (39.5ms)[0m  [1m[35mCOMMIT[0m
Redirected to http://localhost:3000/merchants/3
Completed 302 Found in 47ms (ActiveRecord: 41.0ms)


Started GET "/merchants/3" for ::1 at 2019-06-26 10:47:18 -0600
Processing by MerchantsController#show as HTML
  Parameters: {"id"=>"3"}
  [1m[36mMerchant Load (0.2ms)[0m  [1m[34mSELECT  "merchants".* FROM "merchants" WHERE "merchants"."id" = $1 LIMIT $2[0m  [["id", 3], ["LIMIT", 1]]
  Rendering merchants/show.html.erb within layouts/application
  Rendered merchants/show.html.erb within layouts/application (0.5ms)
Completed 200 OK in 12ms (Views: 10.2ms | ActiveRecord: 0.2ms)


Started GET "/merchants/" for ::1 at 2019-06-26 10:47:26 -0600
Processing by MerchantsController#index as HTML
  Rendering merchants/index.html.erb within layouts/application
  [1m[36mMerchant Load (0.2ms)[0m  [1m[34mSELECT "merchants".* FROM "merchants"[0m
  Rendered merchants/index.html.erb within layouts/application (1.7ms)
Completed 200 OK in 20ms (Views: 17.3ms | ActiveRecord: 0.2ms)


Started GET "/merchants/merchants/3" for ::1 at 2019-06-26 10:47:30 -0600
  
ActionController::RoutingError (No route matches [GET] "/merchants/merchants/3"):
  
actionpack (5.1.7) lib/action_dispatch/middleware/debug_exceptions.rb:63:in `call'
web-console (3.7.0) lib/web_console/middleware.rb:135:in `call_app'
web-console (3.7.0) lib/web_console/middleware.rb:30:in `block in call'
web-console (3.7.0) lib/web_console/middleware.rb:20:in `catch'
web-console (3.7.0) lib/web_console/middleware.rb:20:in `call'
actionpack (5.1.7) lib/action_dispatch/middleware/show_exceptions.rb:31:in `call'
railties (5.1.7) lib/rails/rack/logger.rb:36:in `call_app'
railties (5.1.7) lib/rails/rack/logger.rb:24:in `block in call'
activesupport (5.1.7) lib/active_support/tagged_logging.rb:69:in `block in tagged'
activesupport (5.1.7) lib/active_support/tagged_logging.rb:26:in `tagged'
activesupport (5.1.7) lib/active_support/tagged_logging.rb:69:in `tagged'
railties (5.1.7) lib/rails/rack/logger.rb:24:in `call'
sprockets-rails (3.2.1) lib/sprockets/rails/quiet_assets.rb:13:in `call'
actionpack (5.1.7) lib/action_dispatch/middleware/remote_ip.rb:79:in `call'
actionpack (5.1.7) lib/action_dispatch/middleware/request_id.rb:25:in `call'
rack (2.0.7) lib/rack/method_override.rb:22:in `call'
rack (2.0.7) lib/rack/runtime.rb:22:in `call'
activesupport (5.1.7) lib/active_support/cache/strategy/local_cache_middleware.rb:27:in `call'
actionpack (5.1.7) lib/action_dispatch/middleware/executor.rb:12:in `call'
actionpack (5.1.7) lib/action_dispatch/middleware/static.rb:125:in `call'
rack (2.0.7) lib/rack/sendfile.rb:111:in `call'
railties (5.1.7) lib/rails/engine.rb:522:in `call'
puma (3.12.1) lib/puma/configuration.rb:227:in `call'
puma (3.12.1) lib/puma/server.rb:660:in `handle_request'
puma (3.12.1) lib/puma/server.rb:474:in `process_client'
puma (3.12.1) lib/puma/server.rb:334:in `block in run'
puma (3.12.1) lib/puma/thread_pool.rb:135:in `block in spawn_thread'
Started GET "/merchants/merchants/2" for ::1 at 2019-06-26 10:47:35 -0600
  
ActionController::RoutingError (No route matches [GET] "/merchants/merchants/2"):
  
actionpack (5.1.7) lib/action_dispatch/middleware/debug_exceptions.rb:63:in `call'
web-console (3.7.0) lib/web_console/middleware.rb:135:in `call_app'
web-console (3.7.0) lib/web_console/middleware.rb:30:in `block in call'
web-console (3.7.0) lib/web_console/middleware.rb:20:in `catch'
web-console (3.7.0) lib/web_console/middleware.rb:20:in `call'
actionpack (5.1.7) lib/action_dispatch/middleware/show_exceptions.rb:31:in `call'
railties (5.1.7) lib/rails/rack/logger.rb:36:in `call_app'
railties (5.1.7) lib/rails/rack/logger.rb:24:in `block in call'
activesupport (5.1.7) lib/active_support/tagged_logging.rb:69:in `block in tagged'
activesupport (5.1.7) lib/active_support/tagged_logging.rb:26:in `tagged'
activesupport (5.1.7) lib/active_support/tagged_logging.rb:69:in `tagged'
railties (5.1.7) lib/rails/rack/logger.rb:24:in `call'
sprockets-rails (3.2.1) lib/sprockets/rails/quiet_assets.rb:13:in `call'
actionpack (5.1.7) lib/action_dispatch/middleware/remote_ip.rb:79:in `call'
actionpack (5.1.7) lib/action_dispatch/middleware/request_id.rb:25:in `call'
rack (2.0.7) lib/rack/method_override.rb:22:in `call'
rack (2.0.7) lib/rack/runtime.rb:22:in `call'
activesupport (5.1.7) lib/active_support/cache/strategy/local_cache_middleware.rb:27:in `call'
actionpack (5.1.7) lib/action_dispatch/middleware/executor.rb:12:in `call'
actionpack (5.1.7) lib/action_dispatch/middleware/static.rb:125:in `call'
rack (2.0.7) lib/rack/sendfile.rb:111:in `call'
railties (5.1.7) lib/rails/engine.rb:522:in `call'
puma (3.12.1) lib/puma/configuration.rb:227:in `call'
puma (3.12.1) lib/puma/server.rb:660:in `handle_request'
puma (3.12.1) lib/puma/server.rb:474:in `process_client'
puma (3.12.1) lib/puma/server.rb:334:in `block in run'
puma (3.12.1) lib/puma/thread_pool.rb:135:in `block in spawn_thread'
Started GET "/merchants" for ::1 at 2019-06-26 10:47:46 -0600
Processing by MerchantsController#index as HTML
  Rendering merchants/index.html.erb within layouts/application
  [1m[36mMerchant Load (0.2ms)[0m  [1m[34mSELECT "merchants".* FROM "merchants"[0m
  Rendered merchants/index.html.erb within layouts/application (1.5ms)
Completed 200 OK in 18ms (Views: 14.6ms | ActiveRecord: 0.2ms)


Started GET "/merchants/2" for ::1 at 2019-06-26 10:47:48 -0600
Processing by MerchantsController#show as HTML
  Parameters: {"id"=>"2"}
  [1m[36mMerchant Load (0.3ms)[0m  [1m[34mSELECT  "merchants".* FROM "merchants" WHERE "merchants"."id" = $1 LIMIT $2[0m  [["id", 2], ["LIMIT", 1]]
  Rendering merchants/show.html.erb within layouts/application
  Rendered merchants/show.html.erb within layouts/application (0.5ms)
Completed 200 OK in 15ms (Views: 12.4ms | ActiveRecord: 0.3ms)


Started GET "/merchants/5" for ::1 at 2019-06-26 10:47:52 -0600
Processing by MerchantsController#show as HTML
  Parameters: {"id"=>"5"}
  [1m[36mMerchant Load (0.6ms)[0m  [1m[34mSELECT  "merchants".* FROM "merchants" WHERE "merchants"."id" = $1 LIMIT $2[0m  [["id", 5], ["LIMIT", 1]]
  Rendering merchants/show.html.erb within layouts/application
  Rendered merchants/show.html.erb within layouts/application (0.6ms)
Completed 200 OK in 15ms (Views: 10.3ms | ActiveRecord: 0.6ms)


Started GET "/merchants/3" for ::1 at 2019-06-26 10:47:55 -0600
Processing by MerchantsController#show as HTML
  Parameters: {"id"=>"3"}
  [1m[36mMerchant Load (0.3ms)[0m  [1m[34mSELECT  "merchants".* FROM "merchants" WHERE "merchants"."id" = $1 LIMIT $2[0m  [["id", 3], ["LIMIT", 1]]
  Rendering merchants/show.html.erb within layouts/application
  Rendered merchants/show.html.erb within layouts/application (0.7ms)
Completed 200 OK in 17ms (Views: 14.4ms | ActiveRecord: 0.3ms)


Started GET "/merchants/new" for ::1 at 2019-06-26 10:48:14 -0600
Processing by MerchantsController#new as HTML
  Rendering merchants/new.html.erb within layouts/application
  Rendered merchants/new.html.erb within layouts/application (1.0ms)
Completed 200 OK in 24ms (Views: 22.0ms | ActiveRecord: 0.0ms)


Started GET "/merchants/4" for ::1 at 2019-06-26 10:48:19 -0600
Processing by MerchantsController#show as HTML
  Parameters: {"id"=>"4"}
  [1m[36mMerchant Load (0.2ms)[0m  [1m[34mSELECT  "merchants".* FROM "merchants" WHERE "merchants"."id" = $1 LIMIT $2[0m  [["id", 4], ["LIMIT", 1]]
  Rendering merchants/show.html.erb within layouts/application
  Rendered merchants/show.html.erb within layouts/application (0.7ms)
Completed 200 OK in 17ms (Views: 14.5ms | ActiveRecord: 0.2ms)


Started DELETE "/merchants/4" for ::1 at 2019-06-26 10:48:20 -0600
Processing by MerchantsController#destroy as HTML
  Parameters: {"authenticity_token"=>"6bV9G6TfPWE7pRrj70qb04vIdnl7EvkuktZSGo3TcbAzHWT6aEh8EU8GtrADd75jvaxlgvTFWvJLqcyqYt5fyQ==", "id"=>"4"}
  [1m[36mMerchant Load (0.2ms)[0m  [1m[34mSELECT  "merchants".* FROM "merchants" WHERE "merchants"."id" = $1 LIMIT $2[0m  [["id", 4], ["LIMIT", 1]]
  [1m[35m (0.1ms)[0m  [1m[35mBEGIN[0m
  [1m[35mSQL (0.3ms)[0m  [1m[31mDELETE FROM "merchants" WHERE "merchants"."id" = $1[0m  [["id", 4]]
  [1m[35m (5.4ms)[0m  [1m[35mCOMMIT[0m
Redirected to http://localhost:3000/merchants
Completed 302 Found in 9ms (ActiveRecord: 6.0ms)


Started GET "/merchants" for ::1 at 2019-06-26 10:48:20 -0600
Processing by MerchantsController#index as HTML
  Rendering merchants/index.html.erb within layouts/application
  [1m[36mMerchant Load (0.3ms)[0m  [1m[34mSELECT "merchants".* FROM "merchants"[0m
  Rendered merchants/index.html.erb within layouts/application (1.6ms)
Completed 200 OK in 15ms (Views: 13.1ms | ActiveRecord: 0.3ms)


Started GET "/merchants/5" for ::1 at 2019-06-26 10:48:22 -0600
Processing by MerchantsController#show as HTML
  Parameters: {"id"=>"5"}
  [1m[36mMerchant Load (0.4ms)[0m  [1m[34mSELECT  "merchants".* FROM "merchants" WHERE "merchants"."id" = $1 LIMIT $2[0m  [["id", 5], ["LIMIT", 1]]
  Rendering merchants/show.html.erb within layouts/application
  Rendered merchants/show.html.erb within layouts/application (1.1ms)
Completed 200 OK in 16ms (Views: 12.3ms | ActiveRecord: 0.4ms)


Started GET "/merchants/3" for ::1 at 2019-06-26 10:48:24 -0600
Processing by MerchantsController#show as HTML
  Parameters: {"id"=>"3"}
  [1m[36mMerchant Load (0.3ms)[0m  [1m[34mSELECT  "merchants".* FROM "merchants" WHERE "merchants"."id" = $1 LIMIT $2[0m  [["id", 3], ["LIMIT", 1]]
  Rendering merchants/show.html.erb within layouts/application
  Rendered merchants/show.html.erb within layouts/application (0.5ms)
Completed 200 OK in 17ms (Views: 12.6ms | ActiveRecord: 0.3ms)


Started GET "/merchants/3/edit" for ::1 at 2019-06-26 10:48:25 -0600
Processing by MerchantsController#edit as HTML
  Parameters: {"id"=>"3"}
  [1m[36mMerchant Load (0.2ms)[0m  [1m[34mSELECT  "merchants".* FROM "merchants" WHERE "merchants"."id" = $1 LIMIT $2[0m  [["id", 3], ["LIMIT", 1]]
  Rendering merchants/edit.html.erb within layouts/application
  Rendered merchants/edit.html.erb within layouts/application (1.0ms)
Completed 200 OK in 15ms (Views: 11.5ms | ActiveRecord: 0.2ms)


Started PATCH "/merchants/3" for ::1 at 2019-06-26 10:48:30 -0600
Processing by MerchantsController#update as HTML
  Parameters: {"utf8"=>"✓", "authenticity_token"=>"OHblVdm8m7nwda/jJDtEDN2Sew90eAGIcSRcmyysevTi3vy0FSvayYTWA7DIBmG86/Zo9PuvolSoW8Irw6FUjQ==", "name"=>"Penny Pinchin' Paul", "address"=>"345 10th St", "city"=>"Denver", "state"=>"Colorado", "zip"=>"80204", "commit"=>"Update Merchant Info", "id"=>"3"}
  [1m[36mMerchant Load (0.4ms)[0m  [1m[34mSELECT  "merchants".* FROM "merchants" WHERE "merchants"."id" = $1 LIMIT $2[0m  [["id", 3], ["LIMIT", 1]]
Unpermitted parameters: :utf8, :_method, :authenticity_token, :commit, :id
  [1m[35m (1.3ms)[0m  [1m[35mBEGIN[0m
  [1m[35mSQL (0.6ms)[0m  [1m[33mUPDATE "merchants" SET "zip" = $1 WHERE "merchants"."id" = $2[0m  [["zip", 80204], ["id", 3]]
  [1m[35m (39.8ms)[0m  [1m[35mCOMMIT[0m
Redirected to http://localhost:3000/merchants/3
Completed 302 Found in 48ms (ActiveRecord: 42.1ms)


Started GET "/merchants/3" for ::1 at 2019-06-26 10:48:30 -0600
Processing by MerchantsController#show as HTML
  Parameters: {"id"=>"3"}
  [1m[36mMerchant Load (0.4ms)[0m  [1m[34mSELECT  "merchants".* FROM "merchants" WHERE "merchants"."id" = $1 LIMIT $2[0m  [["id", 3], ["LIMIT", 1]]
  Rendering merchants/show.html.erb within layouts/application
  Rendered merchants/show.html.erb within layouts/application (0.8ms)
Completed 200 OK in 17ms (Views: 12.7ms | ActiveRecord: 0.4ms)


Started GET "/merchants" for ::1 at 2019-06-26 10:48:36 -0600
Processing by MerchantsController#index as HTML
  Rendering merchants/index.html.erb within layouts/application
  [1m[36mMerchant Load (0.2ms)[0m  [1m[34mSELECT "merchants".* FROM "merchants"[0m
  Rendered merchants/index.html.erb within layouts/application (2.4ms)
Completed 200 OK in 17ms (Views: 15.8ms | ActiveRecord: 0.2ms)


Started GET "/merchants/6" for ::1 at 2019-06-26 10:48:37 -0600
Processing by MerchantsController#show as HTML
  Parameters: {"id"=>"6"}
  [1m[36mMerchant Load (0.2ms)[0m  [1m[34mSELECT  "merchants".* FROM "merchants" WHERE "merchants"."id" = $1 LIMIT $2[0m  [["id", 6], ["LIMIT", 1]]
  Rendering merchants/show.html.erb within layouts/application
  Rendered merchants/show.html.erb within layouts/application (0.7ms)
Completed 200 OK in 16ms (Views: 13.9ms | ActiveRecord: 0.2ms)


Started GET "/merchants/new" for ::1 at 2019-06-26 10:48:44 -0600
Processing by MerchantsController#new as HTML
  Rendering merchants/new.html.erb within layouts/application
  Rendered merchants/new.html.erb within layouts/application (1.2ms)
Completed 200 OK in 17ms (Views: 15.8ms | ActiveRecord: 0.0ms)


Started POST "/merchants" for ::1 at 2019-06-26 10:49:00 -0600
Processing by MerchantsController#create as HTML
  Parameters: {"utf8"=>"✓", "authenticity_token"=>"U2pbNNmss2ljWHgo38wJwj8EaqY3ncBKyIwZENcHYjuJwkLVFTvyGRf71Hsz8SxyCWB5XbhKY5YR84egOApMQg==", "name"=>"Just a dude", "address"=>"Wellp Drive", "city"=>"Boulder", "state"=>"CO", "zip"=>"80132", "commit"=>"Create Merchant"}
Unpermitted parameters: :utf8, :authenticity_token, :commit
  [1m[35m (0.4ms)[0m  [1m[35mBEGIN[0m
  [1m[35mSQL (1.9ms)[0m  [1m[32mINSERT INTO "merchants" ("name", "address", "city", "state", "zip") VALUES ($1, $2, $3, $4, $5) RETURNING "id"[0m  [["name", "Just a dude"], ["address", "Wellp Drive"], ["city", "Boulder"], ["state", "CO"], ["zip", 80132]]
  [1m[35m (40.3ms)[0m  [1m[35mCOMMIT[0m
Redirected to http://localhost:3000/merchants
Completed 302 Found in 48ms (ActiveRecord: 42.6ms)


Started GET "/merchants" for ::1 at 2019-06-26 10:49:00 -0600
Processing by MerchantsController#index as HTML
  Rendering merchants/index.html.erb within layouts/application
  [1m[36mMerchant Load (0.3ms)[0m  [1m[34mSELECT "merchants".* FROM "merchants"[0m
  Rendered merchants/index.html.erb within layouts/application (1.6ms)
Completed 200 OK in 16ms (Views: 13.2ms | ActiveRecord: 0.3ms)


Started GET "/merchants/7" for ::1 at 2019-06-26 10:49:01 -0600
Processing by MerchantsController#show as HTML
  Parameters: {"id"=>"7"}
  [1m[36mMerchant Load (0.2ms)[0m  [1m[34mSELECT  "merchants".* FROM "merchants" WHERE "merchants"."id" = $1 LIMIT $2[0m  [["id", 7], ["LIMIT", 1]]
  Rendering merchants/show.html.erb within layouts/application
  Rendered merchants/show.html.erb within layouts/application (0.5ms)
Completed 200 OK in 15ms (Views: 11.1ms | ActiveRecord: 0.2ms)


  [1m[35m (0.2ms)[0m  [1m[34mSELECT pg_try_advisory_lock(7164030878767779660)[0m
  [1m[35m (6.0ms)[0m  [1m[34mSELECT "schema_migrations"."version" FROM "schema_migrations" ORDER BY "schema_migrations"."version" ASC[0m
Migrating to CreateItems (20190626171301)
  [1m[35m (0.2ms)[0m  [1m[35mBEGIN[0m
  [1m[35m (6.3ms)[0m  [1m[35mCREATE TABLE "items" ("id" bigserial primary key, "name" character varying, "description" character varying, "price" float, "image_url" character varying, "status" integer, "inventory" integer, "merchant_name" character varying)[0m
  [1m[35mSQL (0.3ms)[0m  [1m[32mINSERT INTO "schema_migrations" ("version") VALUES ($1) RETURNING "version"[0m  [["version", "20190626171301"]]
  [1m[35m (0.7ms)[0m  [1m[35mCOMMIT[0m
  [1m[36mActiveRecord::InternalMetadata Load (0.3ms)[0m  [1m[34mSELECT  "ar_internal_metadata".* FROM "ar_internal_metadata" WHERE "ar_internal_metadata"."key" = $1 LIMIT $2[0m  [["key", "environment"], ["LIMIT", 1]]
  [1m[35m (0.1ms)[0m  [1m[35mBEGIN[0m
  [1m[35m (0.1ms)[0m  [1m[35mCOMMIT[0m
  [1m[35m (0.2ms)[0m  [1m[34mSELECT pg_advisory_unlock(7164030878767779660)[0m
  [1m[35m (0.2ms)[0m  [1m[34mSELECT "schema_migrations"."version" FROM "schema_migrations" ORDER BY "schema_migrations"."version" ASC[0m
  [1m[35m (0.2ms)[0m  [1m[34mSELECT pg_try_advisory_lock(7164030878767779660)[0m
  [1m[35m (0.5ms)[0m  [1m[34mSELECT "schema_migrations"."version" FROM "schema_migrations" ORDER BY "schema_migrations"."version" ASC[0m
Migrating to AddItemsToMerchants (20190626173005)
  [1m[35m (0.1ms)[0m  [1m[35mBEGIN[0m
  [1m[35m (6.4ms)[0m  [1m[35mALTER TABLE "merchants" ADD "items_id" bigint[0m
  [1m[35m (1.3ms)[0m  [1m[35mCREATE  INDEX  "index_merchants_on_items_id" ON "merchants"  ("items_id")[0m
  [1m[35m (3.0ms)[0m  [1m[35mALTER TABLE "merchants" ADD CONSTRAINT "fk_rails_fda5a995df"
FOREIGN KEY ("items_id")
  REFERENCES "items" ("id")
[0m
  [1m[35mSQL (0.3ms)[0m  [1m[32mINSERT INTO "schema_migrations" ("version") VALUES ($1) RETURNING "version"[0m  [["version", "20190626173005"]]
  [1m[35m (0.6ms)[0m  [1m[35mCOMMIT[0m
  [1m[36mActiveRecord::InternalMetadata Load (0.3ms)[0m  [1m[34mSELECT  "ar_internal_metadata".* FROM "ar_internal_metadata" WHERE "ar_internal_metadata"."key" = $1 LIMIT $2[0m  [["key", "environment"], ["LIMIT", 1]]
  [1m[35m (0.2ms)[0m  [1m[35mBEGIN[0m
  [1m[35m (0.1ms)[0m  [1m[35mCOMMIT[0m
  [1m[35m (0.2ms)[0m  [1m[34mSELECT pg_advisory_unlock(7164030878767779660)[0m
  [1m[35m (0.2ms)[0m  [1m[34mSELECT "schema_migrations"."version" FROM "schema_migrations" ORDER BY "schema_migrations"."version" ASC[0m
  [1m[35m (0.5ms)[0m  [1m[34mSELECT "schema_migrations"."version" FROM "schema_migrations" ORDER BY "schema_migrations"."version" ASC[0m
  [1m[35m (0.3ms)[0m  [1m[34mSELECT "ar_internal_metadata"."value" FROM "ar_internal_metadata" WHERE "ar_internal_metadata"."key" = $1[0m  [["key", "environment"]]
  [1m[35m (0.2ms)[0m  [1m[34mSELECT "schema_migrations"."version" FROM "schema_migrations" ORDER BY "schema_migrations"."version" ASC[0m
  [1m[35m (0.2ms)[0m  [1m[34mSELECT "ar_internal_metadata"."value" FROM "ar_internal_metadata" WHERE "ar_internal_metadata"."key" = $1[0m  [["key", "environment"]]
  [1m[35m (0.2ms)[0m  [1m[34mSELECT "schema_migrations"."version" FROM "schema_migrations" ORDER BY "schema_migrations"."version" ASC[0m
  [1m[35m (0.1ms)[0m  [1m[34mSELECT "ar_internal_metadata"."value" FROM "ar_internal_metadata" WHERE "ar_internal_metadata"."key" = $1[0m  [["key", "environment"]]
  [1m[35m (185.3ms)[0m  [1m[35mDROP DATABASE IF EXISTS "mini_shop_development"[0m
  [1m[35m (189.4ms)[0m  [1m[35mDROP DATABASE IF EXISTS "mini_shop_test"[0m
  [1m[35m (356.7ms)[0m  [1m[35mCREATE DATABASE "mini_shop_development" ENCODING = 'unicode'[0m
  [1m[35m (411.1ms)[0m  [1m[35mCREATE DATABASE "mini_shop_test" ENCODING = 'unicode'[0m
  [1m[35m (4.4ms)[0m  [1m[35mCREATE TABLE "schema_migrations" ("version" character varying NOT NULL PRIMARY KEY)[0m
  [1m[35m (2.9ms)[0m  [1m[35mCREATE TABLE "ar_internal_metadata" ("key" character varying NOT NULL PRIMARY KEY, "value" character varying, "created_at" timestamp NOT NULL, "updated_at" timestamp NOT NULL)[0m
  [1m[35m (0.3ms)[0m  [1m[34mSELECT pg_try_advisory_lock(7164030878767779660)[0m
  [1m[35m (0.6ms)[0m  [1m[34mSELECT "schema_migrations"."version" FROM "schema_migrations" ORDER BY "schema_migrations"."version" ASC[0m
Migrating to CreateMerchants (20190625015428)
  [1m[35m (0.1ms)[0m  [1m[35mBEGIN[0m
  [1m[35m (3.6ms)[0m  [1m[35mCREATE TABLE "merchants" ("id" bigserial primary key, "name" character varying, "address" character varying, "city" character varying, "state" character varying, "zip" integer)[0m
  [1m[35mSQL (0.5ms)[0m  [1m[32mINSERT INTO "schema_migrations" ("version") VALUES ($1) RETURNING "version"[0m  [["version", "20190625015428"]]
  [1m[35m (0.5ms)[0m  [1m[35mCOMMIT[0m
Migrating to CreateItems (20190626171301)
  [1m[35m (0.2ms)[0m  [1m[35mBEGIN[0m
  [1m[35m (2.7ms)[0m  [1m[35mCREATE TABLE "items" ("id" bigserial primary key, "name" character varying, "description" character varying, "price" float, "image_url" character varying, "status" integer, "inventory" integer, "merchant_name" character varying)[0m
  [1m[35mSQL (0.3ms)[0m  [1m[32mINSERT INTO "schema_migrations" ("version") VALUES ($1) RETURNING "version"[0m  [["version", "20190626171301"]]
  [1m[35m (0.6ms)[0m  [1m[35mCOMMIT[0m
Migrating to AddItemsToMerchants (20190626173005)
  [1m[35m (0.5ms)[0m  [1m[35mBEGIN[0m
  [1m[35m (0.3ms)[0m  [1m[35mALTER TABLE "merchants" ADD "items_id" bigint[0m
  [1m[35m (1.0ms)[0m  [1m[35mCREATE  INDEX  "index_merchants_on_items_id" ON "merchants"  ("items_id")[0m
  [1m[35m (3.2ms)[0m  [1m[35mALTER TABLE "merchants" ADD CONSTRAINT "fk_rails_fda5a995df"
FOREIGN KEY ("items_id")
  REFERENCES "items" ("id")
[0m
  [1m[35mSQL (0.4ms)[0m  [1m[32mINSERT INTO "schema_migrations" ("version") VALUES ($1) RETURNING "version"[0m  [["version", "20190626173005"]]
  [1m[35m (0.6ms)[0m  [1m[35mCOMMIT[0m
  [1m[36mActiveRecord::InternalMetadata Load (1.0ms)[0m  [1m[34mSELECT  "ar_internal_metadata".* FROM "ar_internal_metadata" WHERE "ar_internal_metadata"."key" = $1 LIMIT $2[0m  [["key", "environment"], ["LIMIT", 1]]
  [1m[35m (0.2ms)[0m  [1m[35mBEGIN[0m
  [1m[35mSQL (0.3ms)[0m  [1m[32mINSERT INTO "ar_internal_metadata" ("key", "value", "created_at", "updated_at") VALUES ($1, $2, $3, $4) RETURNING "key"[0m  [["key", "environment"], ["value", "development"], ["created_at", "2019-06-26 17:31:28.598094"], ["updated_at", "2019-06-26 17:31:28.598094"]]
  [1m[35m (0.5ms)[0m  [1m[35mCOMMIT[0m
  [1m[35m (0.3ms)[0m  [1m[34mSELECT pg_advisory_unlock(7164030878767779660)[0m
  [1m[35m (0.2ms)[0m  [1m[34mSELECT "schema_migrations"."version" FROM "schema_migrations" ORDER BY "schema_migrations"."version" ASC[0m
  [1m[35m (0.5ms)[0m  [1m[34mSELECT "schema_migrations"."version" FROM "schema_migrations" ORDER BY "schema_migrations"."version" ASC[0m
  [1m[35m (0.3ms)[0m  [1m[34mSELECT "ar_internal_metadata"."value" FROM "ar_internal_metadata" WHERE "ar_internal_metadata"."key" = $1[0m  [["key", "environment"]]
  [1m[35m (0.2ms)[0m  [1m[34mSELECT "schema_migrations"."version" FROM "schema_migrations" ORDER BY "schema_migrations"."version" ASC[0m
  [1m[35m (0.1ms)[0m  [1m[34mSELECT "ar_internal_metadata"."value" FROM "ar_internal_metadata" WHERE "ar_internal_metadata"."key" = $1[0m  [["key", "environment"]]
  [1m[35m (0.2ms)[0m  [1m[34mSELECT "schema_migrations"."version" FROM "schema_migrations" ORDER BY "schema_migrations"."version" ASC[0m
  [1m[35m (0.1ms)[0m  [1m[34mSELECT "ar_internal_metadata"."value" FROM "ar_internal_metadata" WHERE "ar_internal_metadata"."key" = $1[0m  [["key", "environment"]]
  [1m[35m (204.1ms)[0m  [1m[35mDROP DATABASE IF EXISTS "mini_shop_development"[0m
  [1m[35m (201.9ms)[0m  [1m[35mDROP DATABASE IF EXISTS "mini_shop_test"[0m
  [1m[35m (384.4ms)[0m  [1m[35mCREATE DATABASE "mini_shop_development" ENCODING = 'unicode'[0m
  [1m[35m (362.6ms)[0m  [1m[35mCREATE DATABASE "mini_shop_test" ENCODING = 'unicode'[0m
  [1m[35m (4.4ms)[0m  [1m[35mCREATE TABLE "schema_migrations" ("version" character varying NOT NULL PRIMARY KEY)[0m
  [1m[35m (2.8ms)[0m  [1m[35mCREATE TABLE "ar_internal_metadata" ("key" character varying NOT NULL PRIMARY KEY, "value" character varying, "created_at" timestamp NOT NULL, "updated_at" timestamp NOT NULL)[0m
  [1m[35m (0.3ms)[0m  [1m[34mSELECT pg_try_advisory_lock(7164030878767779660)[0m
  [1m[35m (0.4ms)[0m  [1m[34mSELECT "schema_migrations"."version" FROM "schema_migrations" ORDER BY "schema_migrations"."version" ASC[0m
Migrating to CreateMerchants (20190625015428)
  [1m[35m (0.2ms)[0m  [1m[35mBEGIN[0m
  [1m[35m (3.4ms)[0m  [1m[35mCREATE TABLE "merchants" ("id" bigserial primary key, "name" character varying, "address" character varying, "city" character varying, "state" character varying, "zip" integer)[0m
  [1m[35mSQL (0.7ms)[0m  [1m[32mINSERT INTO "schema_migrations" ("version") VALUES ($1) RETURNING "version"[0m  [["version", "20190625015428"]]
  [1m[35m (0.5ms)[0m  [1m[35mCOMMIT[0m
Migrating to CreateItems (20190626171301)
  [1m[35m (0.3ms)[0m  [1m[35mBEGIN[0m
  [1m[35m (3.0ms)[0m  [1m[35mCREATE TABLE "items" ("id" bigserial primary key, "name" character varying, "description" character varying, "price" float, "image_url" character varying, "status" integer, "inventory" integer, "merchant_name" character varying)[0m
  [1m[35mSQL (0.3ms)[0m  [1m[32mINSERT INTO "schema_migrations" ("version") VALUES ($1) RETURNING "version"[0m  [["version", "20190626171301"]]
  [1m[35m (0.4ms)[0m  [1m[35mCOMMIT[0m
Migrating to AddItemsToMerchants (20190626173005)
  [1m[35m (0.4ms)[0m  [1m[34mSELECT pg_advisory_unlock(7164030878767779660)[0m
  [1m[35m (0.5ms)[0m  [1m[34mSELECT "schema_migrations"."version" FROM "schema_migrations" ORDER BY "schema_migrations"."version" ASC[0m
  [1m[35m (0.3ms)[0m  [1m[34mSELECT "ar_internal_metadata"."value" FROM "ar_internal_metadata" WHERE "ar_internal_metadata"."key" = $1[0m  [["key", "environment"]]
  [1m[36mActiveRecord::InternalMetadata Load (0.3ms)[0m  [1m[34mSELECT  "ar_internal_metadata".* FROM "ar_internal_metadata" WHERE "ar_internal_metadata"."key" = $1 LIMIT $2[0m  [["key", "environment"], ["LIMIT", 1]]
  [1m[35m (0.2ms)[0m  [1m[35mBEGIN[0m
  [1m[35mSQL (0.6ms)[0m  [1m[32mINSERT INTO "ar_internal_metadata" ("key", "value", "created_at", "updated_at") VALUES ($1, $2, $3, $4) RETURNING "key"[0m  [["key", "environment"], ["value", "development"], ["created_at", "2019-06-26 17:33:51.253093"], ["updated_at", "2019-06-26 17:33:51.253093"]]
  [1m[35m (5.6ms)[0m  [1m[35mCOMMIT[0m
  [1m[35m (0.4ms)[0m  [1m[34mSELECT "schema_migrations"."version" FROM "schema_migrations" ORDER BY "schema_migrations"."version" ASC[0m
  [1m[35m (0.3ms)[0m  [1m[34mSELECT "ar_internal_metadata"."value" FROM "ar_internal_metadata" WHERE "ar_internal_metadata"."key" = $1[0m  [["key", "environment"]]
  [1m[35m (0.2ms)[0m  [1m[34mSELECT "schema_migrations"."version" FROM "schema_migrations" ORDER BY "schema_migrations"."version" ASC[0m
  [1m[35m (0.2ms)[0m  [1m[34mSELECT "ar_internal_metadata"."value" FROM "ar_internal_metadata" WHERE "ar_internal_metadata"."key" = $1[0m  [["key", "environment"]]
  [1m[35m (0.2ms)[0m  [1m[34mSELECT "schema_migrations"."version" FROM "schema_migrations" ORDER BY "schema_migrations"."version" ASC[0m
  [1m[35m (0.1ms)[0m  [1m[34mSELECT "ar_internal_metadata"."value" FROM "ar_internal_metadata" WHERE "ar_internal_metadata"."key" = $1[0m  [["key", "environment"]]
  [1m[35m (196.9ms)[0m  [1m[35mDROP DATABASE IF EXISTS "mini_shop_development"[0m
  [1m[35m (201.2ms)[0m  [1m[35mDROP DATABASE IF EXISTS "mini_shop_test"[0m
  [1m[35m (404.1ms)[0m  [1m[35mCREATE DATABASE "mini_shop_development" ENCODING = 'unicode'[0m
  [1m[35m (379.3ms)[0m  [1m[35mCREATE DATABASE "mini_shop_test" ENCODING = 'unicode'[0m
  [1m[35m (3.8ms)[0m  [1m[35mCREATE TABLE "schema_migrations" ("version" character varying NOT NULL PRIMARY KEY)[0m
  [1m[35m (2.9ms)[0m  [1m[35mCREATE TABLE "ar_internal_metadata" ("key" character varying NOT NULL PRIMARY KEY, "value" character varying, "created_at" timestamp NOT NULL, "updated_at" timestamp NOT NULL)[0m
  [1m[35m (0.3ms)[0m  [1m[34mSELECT pg_try_advisory_lock(7164030878767779660)[0m
  [1m[35m (0.4ms)[0m  [1m[34mSELECT "schema_migrations"."version" FROM "schema_migrations" ORDER BY "schema_migrations"."version" ASC[0m
Migrating to CreateMerchants (20190625015428)
  [1m[35m (0.2ms)[0m  [1m[35mBEGIN[0m
  [1m[35m (3.1ms)[0m  [1m[35mCREATE TABLE "merchants" ("id" bigserial primary key, "name" character varying, "address" character varying, "city" character varying, "state" character varying, "zip" integer)[0m
  [1m[35mSQL (0.5ms)[0m  [1m[32mINSERT INTO "schema_migrations" ("version") VALUES ($1) RETURNING "version"[0m  [["version", "20190625015428"]]
  [1m[35m (0.4ms)[0m  [1m[35mCOMMIT[0m
Migrating to CreateItems (20190626171301)
  [1m[35m (0.4ms)[0m  [1m[35mBEGIN[0m
  [1m[35m (2.9ms)[0m  [1m[35mCREATE TABLE "items" ("id" bigserial primary key, "name" character varying, "description" character varying, "price" float, "image_url" character varying, "status" integer, "inventory" integer, "merchant_name" character varying)[0m
  [1m[35mSQL (0.3ms)[0m  [1m[32mINSERT INTO "schema_migrations" ("version") VALUES ($1) RETURNING "version"[0m  [["version", "20190626171301"]]
  [1m[35m (0.5ms)[0m  [1m[35mCOMMIT[0m
Migrating to AddMerchantsToItems (20190626173312)
  [1m[35m (0.3ms)[0m  [1m[35mBEGIN[0m
  [1m[35m (0.3ms)[0m  [1m[35mALTER TABLE "items" ADD "merchants_id" bigint[0m
  [1m[35m (0.9ms)[0m  [1m[35mCREATE  INDEX  "index_items_on_merchants_id" ON "items"  ("merchants_id")[0m
  [1m[35m (2.6ms)[0m  [1m[35mALTER TABLE "items" ADD CONSTRAINT "fk_rails_dd589b0d15"
FOREIGN KEY ("merchants_id")
  REFERENCES "merchants" ("id")
[0m
  [1m[35mSQL (0.5ms)[0m  [1m[32mINSERT INTO "schema_migrations" ("version") VALUES ($1) RETURNING "version"[0m  [["version", "20190626173312"]]
  [1m[35m (1.0ms)[0m  [1m[35mCOMMIT[0m
  [1m[36mActiveRecord::InternalMetadata Load (0.3ms)[0m  [1m[34mSELECT  "ar_internal_metadata".* FROM "ar_internal_metadata" WHERE "ar_internal_metadata"."key" = $1 LIMIT $2[0m  [["key", "environment"], ["LIMIT", 1]]
  [1m[35m (0.2ms)[0m  [1m[35mBEGIN[0m
  [1m[35mSQL (0.4ms)[0m  [1m[32mINSERT INTO "ar_internal_metadata" ("key", "value", "created_at", "updated_at") VALUES ($1, $2, $3, $4) RETURNING "key"[0m  [["key", "environment"], ["value", "development"], ["created_at", "2019-06-26 17:33:59.386486"], ["updated_at", "2019-06-26 17:33:59.386486"]]
  [1m[35m (0.3ms)[0m  [1m[35mCOMMIT[0m
  [1m[35m (0.2ms)[0m  [1m[34mSELECT pg_advisory_unlock(7164030878767779660)[0m
  [1m[35m (0.2ms)[0m  [1m[34mSELECT "schema_migrations"."version" FROM "schema_migrations" ORDER BY "schema_migrations"."version" ASC[0m
  [1m[35m (0.5ms)[0m  [1m[34mSELECT "schema_migrations"."version" FROM "schema_migrations" ORDER BY "schema_migrations"."version" ASC[0m
  [1m[35m (0.3ms)[0m  [1m[34mSELECT "ar_internal_metadata"."value" FROM "ar_internal_metadata" WHERE "ar_internal_metadata"."key" = $1[0m  [["key", "environment"]]
  [1m[35m (0.2ms)[0m  [1m[34mSELECT "schema_migrations"."version" FROM "schema_migrations" ORDER BY "schema_migrations"."version" ASC[0m
  [1m[35m (0.2ms)[0m  [1m[34mSELECT "ar_internal_metadata"."value" FROM "ar_internal_metadata" WHERE "ar_internal_metadata"."key" = $1[0m  [["key", "environment"]]
  [1m[35m (0.3ms)[0m  [1m[34mSELECT "schema_migrations"."version" FROM "schema_migrations" ORDER BY "schema_migrations"."version" ASC[0m
  [1m[35m (0.2ms)[0m  [1m[34mSELECT "ar_internal_metadata"."value" FROM "ar_internal_metadata" WHERE "ar_internal_metadata"."key" = $1[0m  [["key", "environment"]]
  [1m[35m (205.6ms)[0m  [1m[35mDROP DATABASE IF EXISTS "mini_shop_development"[0m
  [1m[35m (198.7ms)[0m  [1m[35mDROP DATABASE IF EXISTS "mini_shop_test"[0m
  [1m[35m (356.5ms)[0m  [1m[35mCREATE DATABASE "mini_shop_development" ENCODING = 'unicode'[0m
  [1m[35m (406.1ms)[0m  [1m[35mCREATE DATABASE "mini_shop_test" ENCODING = 'unicode'[0m
  [1m[35m (4.4ms)[0m  [1m[35mCREATE TABLE "schema_migrations" ("version" character varying NOT NULL PRIMARY KEY)[0m
  [1m[35m (2.7ms)[0m  [1m[35mCREATE TABLE "ar_internal_metadata" ("key" character varying NOT NULL PRIMARY KEY, "value" character varying, "created_at" timestamp NOT NULL, "updated_at" timestamp NOT NULL)[0m
  [1m[35m (0.3ms)[0m  [1m[34mSELECT pg_try_advisory_lock(7164030878767779660)[0m
  [1m[35m (0.4ms)[0m  [1m[34mSELECT "schema_migrations"."version" FROM "schema_migrations" ORDER BY "schema_migrations"."version" ASC[0m
Migrating to CreateMerchants (20190625015428)
  [1m[35m (0.3ms)[0m  [1m[35mBEGIN[0m
  [1m[35m (3.5ms)[0m  [1m[35mCREATE TABLE "merchants" ("id" bigserial primary key, "name" character varying, "address" character varying, "city" character varying, "state" character varying, "zip" integer)[0m
  [1m[35mSQL (0.5ms)[0m  [1m[32mINSERT INTO "schema_migrations" ("version") VALUES ($1) RETURNING "version"[0m  [["version", "20190625015428"]]
  [1m[35m (0.4ms)[0m  [1m[35mCOMMIT[0m
Migrating to CreateItems (20190626171301)
  [1m[35m (0.2ms)[0m  [1m[35mBEGIN[0m
  [1m[35m (2.4ms)[0m  [1m[35mCREATE TABLE "items" ("id" bigserial primary key, "name" character varying, "description" character varying, "price" float, "image_url" character varying, "status" integer, "inventory" integer, "merchant_name" character varying)[0m
  [1m[35mSQL (0.3ms)[0m  [1m[32mINSERT INTO "schema_migrations" ("version") VALUES ($1) RETURNING "version"[0m  [["version", "20190626171301"]]
  [1m[35m (0.4ms)[0m  [1m[35mCOMMIT[0m
  [1m[36mActiveRecord::InternalMetadata Load (0.3ms)[0m  [1m[34mSELECT  "ar_internal_metadata".* FROM "ar_internal_metadata" WHERE "ar_internal_metadata"."key" = $1 LIMIT $2[0m  [["key", "environment"], ["LIMIT", 1]]
  [1m[35m (0.2ms)[0m  [1m[35mBEGIN[0m
  [1m[35mSQL (0.4ms)[0m  [1m[32mINSERT INTO "ar_internal_metadata" ("key", "value", "created_at", "updated_at") VALUES ($1, $2, $3, $4) RETURNING "key"[0m  [["key", "environment"], ["value", "development"], ["created_at", "2019-06-26 17:43:11.934236"], ["updated_at", "2019-06-26 17:43:11.934236"]]
  [1m[35m (0.5ms)[0m  [1m[35mCOMMIT[0m
  [1m[35m (0.3ms)[0m  [1m[34mSELECT pg_advisory_unlock(7164030878767779660)[0m
  [1m[35m (0.4ms)[0m  [1m[34mSELECT "schema_migrations"."version" FROM "schema_migrations" ORDER BY "schema_migrations"."version" ASC[0m
  [1m[35m (0.5ms)[0m  [1m[34mSELECT "schema_migrations"."version" FROM "schema_migrations" ORDER BY "schema_migrations"."version" ASC[0m
  [1m[35m (0.3ms)[0m  [1m[34mSELECT "ar_internal_metadata"."value" FROM "ar_internal_metadata" WHERE "ar_internal_metadata"."key" = $1[0m  [["key", "environment"]]
  [1m[35m (0.2ms)[0m  [1m[34mSELECT "schema_migrations"."version" FROM "schema_migrations" ORDER BY "schema_migrations"."version" ASC[0m
  [1m[35m (0.2ms)[0m  [1m[34mSELECT "ar_internal_metadata"."value" FROM "ar_internal_metadata" WHERE "ar_internal_metadata"."key" = $1[0m  [["key", "environment"]]
  [1m[35m (0.2ms)[0m  [1m[34mSELECT "schema_migrations"."version" FROM "schema_migrations" ORDER BY "schema_migrations"."version" ASC[0m
  [1m[35m (0.1ms)[0m  [1m[34mSELECT "ar_internal_metadata"."value" FROM "ar_internal_metadata" WHERE "ar_internal_metadata"."key" = $1[0m  [["key", "environment"]]
  [1m[35m (149.1ms)[0m  [1m[35mDROP DATABASE IF EXISTS "mini_shop_development"[0m
  [1m[35m (207.1ms)[0m  [1m[35mDROP DATABASE IF EXISTS "mini_shop_test"[0m
  [1m[35m (399.1ms)[0m  [1m[35mCREATE DATABASE "mini_shop_development" ENCODING = 'unicode'[0m
  [1m[35m (384.9ms)[0m  [1m[35mCREATE DATABASE "mini_shop_test" ENCODING = 'unicode'[0m
  [1m[35m (4.9ms)[0m  [1m[35mCREATE TABLE "schema_migrations" ("version" character varying NOT NULL PRIMARY KEY)[0m
  [1m[35m (3.6ms)[0m  [1m[35mCREATE TABLE "ar_internal_metadata" ("key" character varying NOT NULL PRIMARY KEY, "value" character varying, "created_at" timestamp NOT NULL, "updated_at" timestamp NOT NULL)[0m
  [1m[35m (0.3ms)[0m  [1m[34mSELECT pg_try_advisory_lock(7164030878767779660)[0m
  [1m[35m (0.4ms)[0m  [1m[34mSELECT "schema_migrations"."version" FROM "schema_migrations" ORDER BY "schema_migrations"."version" ASC[0m
Migrating to CreateMerchants (20190625015428)
  [1m[35m (0.2ms)[0m  [1m[35mBEGIN[0m
  [1m[35m (3.0ms)[0m  [1m[35mCREATE TABLE "merchants" ("id" bigserial primary key, "name" character varying, "address" character varying, "city" character varying, "state" character varying, "zip" integer)[0m
  [1m[35mSQL (0.5ms)[0m  [1m[32mINSERT INTO "schema_migrations" ("version") VALUES ($1) RETURNING "version"[0m  [["version", "20190625015428"]]
  [1m[35m (0.5ms)[0m  [1m[35mCOMMIT[0m
Migrating to CreateItems (20190626171301)
  [1m[35m (0.3ms)[0m  [1m[35mBEGIN[0m
  [1m[35m (2.4ms)[0m  [1m[35mCREATE TABLE "items" ("id" bigserial primary key, "name" character varying, "description" character varying, "price" float, "image_url" character varying, "status" integer, "inventory" integer, "merchant_name" character varying)[0m
  [1m[35mSQL (0.3ms)[0m  [1m[32mINSERT INTO "schema_migrations" ("version") VALUES ($1) RETURNING "version"[0m  [["version", "20190626171301"]]
  [1m[35m (0.5ms)[0m  [1m[35mCOMMIT[0m
Migrating to AddMerchantsToItems (20190626174510)
  [1m[35m (0.3ms)[0m  [1m[35mBEGIN[0m
  [1m[35m (0.3ms)[0m  [1m[35mALTER TABLE "items" ADD "merchant_id" bigint[0m
  [1m[35m (1.6ms)[0m  [1m[35mCREATE  INDEX  "index_items_on_merchant_id" ON "items"  ("merchant_id")[0m
  [1m[35m (2.1ms)[0m  [1m[35mALTER TABLE "items" ADD CONSTRAINT "fk_rails_ba3b0b4b5e"
FOREIGN KEY ("merchant_id")
  REFERENCES "merchants" ("id")
[0m
  [1m[35mSQL (0.3ms)[0m  [1m[32mINSERT INTO "schema_migrations" ("version") VALUES ($1) RETURNING "version"[0m  [["version", "20190626174510"]]
  [1m[35m (0.4ms)[0m  [1m[35mCOMMIT[0m
  [1m[36mActiveRecord::InternalMetadata Load (0.3ms)[0m  [1m[34mSELECT  "ar_internal_metadata".* FROM "ar_internal_metadata" WHERE "ar_internal_metadata"."key" = $1 LIMIT $2[0m  [["key", "environment"], ["LIMIT", 1]]
  [1m[35m (0.2ms)[0m  [1m[35mBEGIN[0m
  [1m[35mSQL (0.4ms)[0m  [1m[32mINSERT INTO "ar_internal_metadata" ("key", "value", "created_at", "updated_at") VALUES ($1, $2, $3, $4) RETURNING "key"[0m  [["key", "environment"], ["value", "development"], ["created_at", "2019-06-26 17:45:27.681038"], ["updated_at", "2019-06-26 17:45:27.681038"]]
  [1m[35m (0.5ms)[0m  [1m[35mCOMMIT[0m
  [1m[35m (0.2ms)[0m  [1m[34mSELECT pg_advisory_unlock(7164030878767779660)[0m
  [1m[35m (0.2ms)[0m  [1m[34mSELECT "schema_migrations"."version" FROM "schema_migrations" ORDER BY "schema_migrations"."version" ASC[0m
